[ 2016-02-29T15:29:21+08:00 ] ::1 /
INFO: [ app_init ] --START--
INFO: Run Behavior\BuildLiteBehavior [ RunTime:0.000091s ]
INFO: [ app_init ] --END-- [ RunTime:0.000423s ]
INFO: [ app_begin ] --START--
INFO: Run Behavior\ReadHtmlCacheBehavior [ RunTime:0.001215s ]
INFO: [ app_begin ] --END-- [ RunTime:0.001467s ]
INFO: [ view_parse ] --START--
INFO: [ template_filter ] --START--
INFO: Run Behavior\ContentReplaceBehavior [ RunTime:0.000134s ]
INFO: [ template_filter ] --END-- [ RunTime:0.000362s ]
INFO: Run Behavior\ParseTemplateBehavior [ RunTime:0.036131s ]
INFO: [ view_parse ] --END-- [ RunTime:0.036343s ]
INFO: [ view_filter ] --START--
INFO: Run Behavior\WriteHtmlCacheBehavior [ RunTime:0.000310s ]
INFO: [ view_filter ] --END-- [ RunTime:0.000474s ]
INFO: [ app_end ] --START--
INFO: Run Behavior\ShowPageTraceBehavior [ RunTime:0.001337s ]
INFO: [ app_end ] --END-- [ RunTime:0.001642s ]

[ 2016-02-29T15:37:17+08:00 ] ::1 /
INFO: [ app_init ] --START--
INFO: Run Behavior\BuildLiteBehavior [ RunTime:0.000047s ]
INFO: [ app_init ] --END-- [ RunTime:0.001105s ]
INFO: [ app_begin ] --START--
INFO: Run Behavior\ReadHtmlCacheBehavior [ RunTime:0.001073s ]
INFO: [ app_begin ] --END-- [ RunTime:0.001229s ]
NOTIC: [8] Memcache::connect(): Server tcp://127.0.0.1:11211 (tcp 11211) failed with: Connection refused (61) /Users/xwzhu/webProject/thinkphp/ThinkPHP/Library/Think/Cache/Driver/Memcache.class.php 第 43 行.
NOTIC: [2] Memcache::connect(): Can't connect to tcp://127.0.0.1:11211:11211, Connection refused (61) /Users/xwzhu/webProject/thinkphp/ThinkPHP/Library/Think/Cache/Driver/Memcache.class.php 第 43 行.
NOTIC: [2] Memcache::set(): No servers added to memcache connection /Users/xwzhu/webProject/thinkphp/ThinkPHP/Library/Think/Cache/Driver/Memcache.class.php 第 72 行.
NOTIC: [2] Memcache::get(): No servers added to memcache connection /Users/xwzhu/webProject/thinkphp/ThinkPHP/Library/Think/Cache/Driver/Memcache.class.php 第 55 行.
INFO: [ view_parse ] --START--
INFO: [ template_filter ] --START--
INFO: Run Behavior\ContentReplaceBehavior [ RunTime:0.000118s ]
INFO: [ template_filter ] --END-- [ RunTime:0.000270s ]
INFO: Run Behavior\ParseTemplateBehavior [ RunTime:0.012302s ]
INFO: [ view_parse ] --END-- [ RunTime:0.012490s ]
INFO: [ view_filter ] --START--
INFO: Run Behavior\WriteHtmlCacheBehavior [ RunTime:0.000691s ]
INFO: [ view_filter ] --END-- [ RunTime:0.000840s ]
INFO: [ app_end ] --START--
INFO: Run Behavior\ShowPageTraceBehavior [ RunTime:0.001224s ]
INFO: [ app_end ] --END-- [ RunTime:0.001386s ]

[ 2016-02-29T15:37:21+08:00 ] ::1 /
INFO: [ app_init ] --START--
INFO: Run Behavior\BuildLiteBehavior [ RunTime:0.000027s ]
INFO: [ app_init ] --END-- [ RunTime:0.000443s ]
INFO: [ app_begin ] --START--
INFO: Run Behavior\ReadHtmlCacheBehavior [ RunTime:0.000494s ]
INFO: [ app_begin ] --END-- [ RunTime:0.000603s ]
NOTIC: [8] Memcache::connect(): Server tcp://127.0.0.1:11211 (tcp 11211) failed with: Connection refused (61) /Users/xwzhu/webProject/thinkphp/ThinkPHP/Library/Think/Cache/Driver/Memcache.class.php 第 43 行.
NOTIC: [2] Memcache::connect(): Can't connect to tcp://127.0.0.1:11211:11211, Connection refused (61) /Users/xwzhu/webProject/thinkphp/ThinkPHP/Library/Think/Cache/Driver/Memcache.class.php 第 43 行.
NOTIC: [2] Memcache::set(): No servers added to memcache connection /Users/xwzhu/webProject/thinkphp/ThinkPHP/Library/Think/Cache/Driver/Memcache.class.php 第 72 行.
NOTIC: [2] Memcache::get(): No servers added to memcache connection /Users/xwzhu/webProject/thinkphp/ThinkPHP/Library/Think/Cache/Driver/Memcache.class.php 第 55 行.
INFO: [ view_parse ] --START--
INFO: Run Behavior\ParseTemplateBehavior [ RunTime:0.000300s ]
INFO: [ view_parse ] --END-- [ RunTime:0.000427s ]
INFO: [ view_filter ] --START--
INFO: Run Behavior\WriteHtmlCacheBehavior [ RunTime:0.000189s ]
INFO: [ view_filter ] --END-- [ RunTime:0.000296s ]
INFO: [ app_end ] --START--
INFO: Run Behavior\ShowPageTraceBehavior [ RunTime:0.000588s ]
INFO: [ app_end ] --END-- [ RunTime:0.000704s ]

[ 2016-02-29T15:37:55+08:00 ] ::1 /
INFO: [ app_init ] --START--
INFO: Run Behavior\BuildLiteBehavior [ RunTime:0.000111s ]
INFO: [ app_init ] --END-- [ RunTime:0.001129s ]
INFO: [ app_begin ] --START--
INFO: Run Behavior\ReadHtmlCacheBehavior [ RunTime:0.000720s ]
INFO: [ app_begin ] --END-- [ RunTime:0.001018s ]
NOTIC: [8] Memcache::connect(): Server tcp://127.0.0.1:11211 (tcp 11211) failed with: Connection refused (61) /Users/xwzhu/webProject/thinkphp/ThinkPHP/Library/Think/Cache/Driver/Memcache.class.php 第 43 行.
NOTIC: [2] Memcache::connect(): Can't connect to tcp://127.0.0.1:11211:11211, Connection refused (61) /Users/xwzhu/webProject/thinkphp/ThinkPHP/Library/Think/Cache/Driver/Memcache.class.php 第 43 行.
NOTIC: [2] Memcache::set(): No servers added to memcache connection /Users/xwzhu/webProject/thinkphp/ThinkPHP/Library/Think/Cache/Driver/Memcache.class.php 第 72 行.
NOTIC: [2] Memcache::get(): No servers added to memcache connection /Users/xwzhu/webProject/thinkphp/ThinkPHP/Library/Think/Cache/Driver/Memcache.class.php 第 55 行.
INFO: [ view_parse ] --START--
INFO: Run Behavior\ParseTemplateBehavior [ RunTime:0.009072s ]
INFO: [ view_parse ] --END-- [ RunTime:0.009724s ]
INFO: [ view_filter ] --START--
INFO: Run Behavior\WriteHtmlCacheBehavior [ RunTime:0.002248s ]
INFO: [ view_filter ] --END-- [ RunTime:0.002779s ]
INFO: [ app_end ] --START--
INFO: Run Behavior\ShowPageTraceBehavior [ RunTime:0.001856s ]
INFO: [ app_end ] --END-- [ RunTime:0.002368s ]

[ 2016-02-29T15:38:15+08:00 ] ::1 /
INFO: [ app_init ] --START--
INFO: Run Behavior\BuildLiteBehavior [ RunTime:0.000085s ]
INFO: [ app_init ] --END-- [ RunTime:0.001301s ]
INFO: [ app_begin ] --START--
INFO: Run Behavior\ReadHtmlCacheBehavior [ RunTime:0.002647s ]
INFO: [ app_begin ] --END-- [ RunTime:0.003181s ]
INFO: [ view_parse ] --START--
INFO: [ template_filter ] --START--
INFO: Run Behavior\ContentReplaceBehavior [ RunTime:0.000241s ]
INFO: [ template_filter ] --END-- [ RunTime:0.000631s ]
INFO: Run Behavior\ParseTemplateBehavior [ RunTime:0.021693s ]
INFO: [ view_parse ] --END-- [ RunTime:0.021999s ]
INFO: [ view_filter ] --START--
INFO: Run Behavior\WriteHtmlCacheBehavior [ RunTime:0.000627s ]
INFO: [ view_filter ] --END-- [ RunTime:0.001114s ]
INFO: [ app_end ] --START--
INFO: Run Behavior\ShowPageTraceBehavior [ RunTime:0.001658s ]
INFO: [ app_end ] --END-- [ RunTime:0.002074s ]

[ 2016-02-29T16:30:29+08:00 ] ::1 /
INFO: [ app_init ] --START--
INFO: Run Behavior\BuildLiteBehavior [ RunTime:0.000081s ]
INFO: [ app_init ] --END-- [ RunTime:0.001185s ]
NOTIC: [8] Use of undefined constant TMPL_PATH - assumed 'TMPL_PATH' /Users/xwzhu/webProject/thinkphp/Application/Home/Conf/config.php 第 11 行.
INFO: [ app_begin ] --START--
INFO: Run Behavior\ReadHtmlCacheBehavior [ RunTime:0.001290s ]
INFO: [ app_begin ] --END-- [ RunTime:0.001669s ]
ERR: 模板不存在:./Application/Home/View/Index/index.html

[ 2016-02-29T16:30:58+08:00 ] ::1 /
INFO: [ app_init ] --START--
INFO: Run Behavior\BuildLiteBehavior [ RunTime:0.000219s ]
INFO: [ app_init ] --END-- [ RunTime:0.002226s ]
NOTIC: [8] Use of undefined constant TMPL_PATH - assumed 'TMPL_PATH' /Users/xwzhu/webProject/thinkphp/Application/Home/Conf/config.php 第 11 行.
INFO: [ app_begin ] --START--
INFO: Run Behavior\ReadHtmlCacheBehavior [ RunTime:0.001296s ]
INFO: [ app_begin ] --END-- [ RunTime:0.001671s ]
INFO: [ view_parse ] --START--
NOTIC: [2] filemtime(): stat failed for TMPL_PATH/Index/index.html /Users/xwzhu/webProject/thinkphp/ThinkPHP/Library/Vendor/Smarty/sysplugins/smarty_resource.php 第 315 行.
NOTIC: [2] filemtime(): stat failed for Index/index.html /Users/xwzhu/webProject/thinkphp/ThinkPHP/Library/Vendor/Smarty/sysplugins/smarty_resource.php 第 315 行.
ERR: Unable to load template file 'Index/index.html'

[ 2016-02-29T16:32:21+08:00 ] ::1 /
INFO: [ app_init ] --START--
INFO: Run Behavior\BuildLiteBehavior [ RunTime:0.000089s ]
INFO: [ app_init ] --END-- [ RunTime:0.001335s ]
NOTIC: [8] Use of undefined constant TMPL_PATH - assumed 'TMPL_PATH' /Users/xwzhu/webProject/thinkphp/Application/Home/Conf/config.php 第 11 行.
INFO: [ app_begin ] --START--
INFO: Run Behavior\ReadHtmlCacheBehavior [ RunTime:0.001319s ]
INFO: [ app_begin ] --END-- [ RunTime:0.001692s ]
ERR: 模板不存在:./Application/Home/View/index/index.html.html

[ 2016-02-29T16:32:31+08:00 ] ::1 /
INFO: [ app_init ] --START--
INFO: Run Behavior\BuildLiteBehavior [ RunTime:0.000078s ]
INFO: [ app_init ] --END-- [ RunTime:0.001091s ]
NOTIC: [8] Use of undefined constant TMPL_PATH - assumed 'TMPL_PATH' /Users/xwzhu/webProject/thinkphp/Application/Home/Conf/config.php 第 11 行.
INFO: [ app_begin ] --START--
INFO: Run Behavior\ReadHtmlCacheBehavior [ RunTime:0.001147s ]
INFO: [ app_begin ] --END-- [ RunTime:0.001494s ]
ERR: 模板不存在:./Application/Home/View/Index/index.html.html

[ 2016-02-29T16:32:37+08:00 ] ::1 /
INFO: [ app_init ] --START--
INFO: Run Behavior\BuildLiteBehavior [ RunTime:0.000072s ]
INFO: [ app_init ] --END-- [ RunTime:0.000789s ]
NOTIC: [8] Use of undefined constant TMPL_PATH - assumed 'TMPL_PATH' /Users/xwzhu/webProject/thinkphp/Application/Home/Conf/config.php 第 11 行.
INFO: [ app_begin ] --START--
INFO: Run Behavior\ReadHtmlCacheBehavior [ RunTime:0.000776s ]
INFO: [ app_begin ] --END-- [ RunTime:0.001189s ]
INFO: [ view_parse ] --START--
NOTIC: [2] filemtime(): stat failed for TMPL_PATH/Index/index.html /Users/xwzhu/webProject/thinkphp/ThinkPHP/Library/Vendor/Smarty/sysplugins/smarty_resource.php 第 315 行.
NOTIC: [2] filemtime(): stat failed for Index/index.html /Users/xwzhu/webProject/thinkphp/ThinkPHP/Library/Vendor/Smarty/sysplugins/smarty_resource.php 第 315 行.
ERR: Unable to load template file 'Index/index.html'

[ 2016-02-29T16:35:36+08:00 ] ::1 /
INFO: [ app_init ] --START--
INFO: Run Behavior\BuildLiteBehavior [ RunTime:0.000037s ]
INFO: [ app_init ] --END-- [ RunTime:0.000993s ]
NOTIC: [8] Use of undefined constant TMPL_PATH - assumed 'TMPL_PATH' /Users/xwzhu/webProject/thinkphp/Application/Home/Conf/config.php 第 11 行.
INFO: [ app_begin ] --START--
INFO: Run Behavior\ReadHtmlCacheBehavior [ RunTime:0.000985s ]
INFO: [ app_begin ] --END-- [ RunTime:0.001140s ]
INFO: [ view_parse ] --START--
NOTIC: [2] filemtime(): stat failed for TMPL_PATH/Index/index.html /Users/xwzhu/webProject/thinkphp/ThinkPHP/Library/Vendor/Smarty/sysplugins/smarty_resource.php 第 315 行.
NOTIC: [2] filemtime(): stat failed for Index/index.html /Users/xwzhu/webProject/thinkphp/ThinkPHP/Library/Vendor/Smarty/sysplugins/smarty_resource.php 第 315 行.
ERR: Unable to load template file 'Index/index.html'

[ 2016-02-29T16:35:37+08:00 ] ::1 /
INFO: [ app_init ] --START--
INFO: Run Behavior\BuildLiteBehavior [ RunTime:0.000028s ]
INFO: [ app_init ] --END-- [ RunTime:0.000468s ]
NOTIC: [8] Use of undefined constant TMPL_PATH - assumed 'TMPL_PATH' /Users/xwzhu/webProject/thinkphp/Application/Home/Conf/config.php 第 11 行.
INFO: [ app_begin ] --START--
INFO: Run Behavior\ReadHtmlCacheBehavior [ RunTime:0.000531s ]
INFO: [ app_begin ] --END-- [ RunTime:0.000642s ]
INFO: [ view_parse ] --START--
NOTIC: [2] filemtime(): stat failed for TMPL_PATH/Index/index.html /Users/xwzhu/webProject/thinkphp/ThinkPHP/Library/Vendor/Smarty/sysplugins/smarty_resource.php 第 315 行.
NOTIC: [2] filemtime(): stat failed for Index/index.html /Users/xwzhu/webProject/thinkphp/ThinkPHP/Library/Vendor/Smarty/sysplugins/smarty_resource.php 第 315 行.
ERR: Unable to load template file 'Index/index.html'

[ 2016-02-29T16:36:19+08:00 ] ::1 /
INFO: [ app_init ] --START--
INFO: Run Behavior\BuildLiteBehavior [ RunTime:0.000027s ]
INFO: [ app_init ] --END-- [ RunTime:0.000450s ]
NOTIC: [8] Use of undefined constant TMPL_PATH - assumed 'TMPL_PATH' /Users/xwzhu/webProject/thinkphp/Application/Home/Conf/config.php 第 11 行.
INFO: [ app_begin ] --START--
INFO: Run Behavior\ReadHtmlCacheBehavior [ RunTime:0.000793s ]
INFO: [ app_begin ] --END-- [ RunTime:0.000940s ]
INFO: [ view_parse ] --START--
NOTIC: [2] filemtime(): stat failed for TMPL_PATH/Index/index.html /Users/xwzhu/webProject/thinkphp/ThinkPHP/Library/Vendor/Smarty/sysplugins/smarty_resource.php 第 315 行.
NOTIC: [2] filemtime(): stat failed for Index/index.html /Users/xwzhu/webProject/thinkphp/ThinkPHP/Library/Vendor/Smarty/sysplugins/smarty_resource.php 第 315 行.
ERR: Unable to load template file 'Index/index.html'

[ 2016-02-29T16:36:28+08:00 ] ::1 /
INFO: [ app_init ] --START--
INFO: Run Behavior\BuildLiteBehavior [ RunTime:0.000028s ]
INFO: [ app_init ] --END-- [ RunTime:0.000545s ]
NOTIC: [8] Use of undefined constant TMPL_PATH - assumed 'TMPL_PATH' /Users/xwzhu/webProject/thinkphp/Application/Home/Conf/config.php 第 11 行.
INFO: [ app_begin ] --START--
INFO: Run Behavior\ReadHtmlCacheBehavior [ RunTime:0.000520s ]
INFO: [ app_begin ] --END-- [ RunTime:0.000644s ]
INFO: [ view_parse ] --START--
NOTIC: [2] filemtime(): stat failed for TMPL_PATH/Index/index.html /Users/xwzhu/webProject/thinkphp/ThinkPHP/Library/Vendor/Smarty/sysplugins/smarty_resource.php 第 315 行.
NOTIC: [2] filemtime(): stat failed for Index/index.html /Users/xwzhu/webProject/thinkphp/ThinkPHP/Library/Vendor/Smarty/sysplugins/smarty_resource.php 第 315 行.
ERR: Unable to load template file 'Index/index.html'

[ 2016-02-29T16:42:48+08:00 ] ::1 /
INFO: [ app_init ] --START--
INFO: Run Behavior\BuildLiteBehavior [ RunTime:0.000036s ]
INFO: [ app_init ] --END-- [ RunTime:0.000895s ]
INFO: [ app_begin ] --START--
INFO: Run Behavior\ReadHtmlCacheBehavior [ RunTime:0.001153s ]
INFO: [ app_begin ] --END-- [ RunTime:0.001320s ]
INFO: [ view_parse ] --START--
NOTIC: [2] filemtime(): stat failed for ./Application/View/Index/index.html /Users/xwzhu/webProject/thinkphp/ThinkPHP/Library/Vendor/Smarty/sysplugins/smarty_resource.php 第 315 行.
NOTIC: [2] filemtime(): stat failed for Index/index.html /Users/xwzhu/webProject/thinkphp/ThinkPHP/Library/Vendor/Smarty/sysplugins/smarty_resource.php 第 315 行.
ERR: Unable to load template file 'Index/index.html'

[ 2016-02-29T16:42:50+08:00 ] ::1 /
INFO: [ app_init ] --START--
INFO: Run Behavior\BuildLiteBehavior [ RunTime:0.000039s ]
INFO: [ app_init ] --END-- [ RunTime:0.000563s ]
INFO: [ app_begin ] --START--
INFO: Run Behavior\ReadHtmlCacheBehavior [ RunTime:0.000744s ]
INFO: [ app_begin ] --END-- [ RunTime:0.000908s ]
INFO: [ view_parse ] --START--
NOTIC: [2] filemtime(): stat failed for ./Application/View/Index/index.html /Users/xwzhu/webProject/thinkphp/ThinkPHP/Library/Vendor/Smarty/sysplugins/smarty_resource.php 第 315 行.
NOTIC: [2] filemtime(): stat failed for Index/index.html /Users/xwzhu/webProject/thinkphp/ThinkPHP/Library/Vendor/Smarty/sysplugins/smarty_resource.php 第 315 行.
ERR: Unable to load template file 'Index/index.html'

[ 2016-02-29T16:43:07+08:00 ] ::1 /
INFO: [ app_init ] --START--
INFO: Run Behavior\BuildLiteBehavior [ RunTime:0.000026s ]
INFO: [ app_init ] --END-- [ RunTime:0.000428s ]
INFO: [ app_begin ] --START--
INFO: Run Behavior\ReadHtmlCacheBehavior [ RunTime:0.000491s ]
INFO: [ app_begin ] --END-- [ RunTime:0.000598s ]
ERR: 模板不存在:./Application/Home/View//Index/index.html.html

[ 2016-02-29T16:43:12+08:00 ] ::1 /
INFO: [ app_init ] --START--
INFO: Run Behavior\BuildLiteBehavior [ RunTime:0.000052s ]
INFO: [ app_init ] --END-- [ RunTime:0.000983s ]
INFO: [ app_begin ] --START--
INFO: Run Behavior\ReadHtmlCacheBehavior [ RunTime:0.000587s ]
INFO: [ app_begin ] --END-- [ RunTime:0.000724s ]
ERR: 模板不存在:./Application/Home/View/Index/index.html.html

[ 2016-02-29T16:43:18+08:00 ] ::1 /
INFO: [ app_init ] --START--
INFO: Run Behavior\BuildLiteBehavior [ RunTime:0.000034s ]
INFO: [ app_init ] --END-- [ RunTime:0.000862s ]
INFO: [ app_begin ] --START--
INFO: Run Behavior\ReadHtmlCacheBehavior [ RunTime:0.000736s ]
INFO: [ app_begin ] --END-- [ RunTime:0.000884s ]
INFO: [ view_parse ] --START--
NOTIC: [2] filemtime(): stat failed for ./Application/View/Index/index.html /Users/xwzhu/webProject/thinkphp/ThinkPHP/Library/Vendor/Smarty/sysplugins/smarty_resource.php 第 315 行.
NOTIC: [2] filemtime(): stat failed for Index/index.html /Users/xwzhu/webProject/thinkphp/ThinkPHP/Library/Vendor/Smarty/sysplugins/smarty_resource.php 第 315 行.
ERR: Unable to load template file 'Index/index.html'

[ 2016-02-29T16:47:40+08:00 ] ::1 /
INFO: [ app_init ] --START--
INFO: Run Behavior\BuildLiteBehavior [ RunTime:0.000038s ]
INFO: [ app_init ] --END-- [ RunTime:0.000931s ]
INFO: [ app_begin ] --START--
INFO: Run Behavior\ReadHtmlCacheBehavior [ RunTime:0.001066s ]
INFO: [ app_begin ] --END-- [ RunTime:0.001217s ]
INFO: [ view_parse ] --START--
NOTIC: [2] filemtime(): stat failed for ./Application/Runtime/Cache/d5c4efec70a0a967b5684ac66a58dba13edd61fd.file.index.html.php /Users/xwzhu/webProject/thinkphp/ThinkPHP/Library/Vendor/Smarty/sysplugins/smarty_resource.php 第 683 行.
NOTIC: [2] unlink(./Application/Runtime/Cache/d5c4efec70a0a967b5684ac66a58dba13edd61fd.file.index.html.php): No such file or directory /Users/xwzhu/webProject/thinkphp/ThinkPHP/Library/Vendor/Smarty/sysplugins/smarty_internal_write_file.php 第 49 行.
INFO: Run Behavior\ParseTemplateBehavior [ RunTime:0.060191s ]
INFO: [ view_parse ] --END-- [ RunTime:0.060388s ]
INFO: [ view_filter ] --START--
INFO: Run Behavior\WriteHtmlCacheBehavior [ RunTime:0.000632s ]
INFO: [ view_filter ] --END-- [ RunTime:0.000781s ]
INFO: [ app_end ] --START--
INFO: Run Behavior\ShowPageTraceBehavior [ RunTime:0.001078s ]
INFO: [ app_end ] --END-- [ RunTime:0.001224s ]

[ 2016-02-29T16:50:52+08:00 ] ::1 /
INFO: [ app_init ] --START--
INFO: Run Behavior\BuildLiteBehavior [ RunTime:0.000027s ]
INFO: [ app_init ] --END-- [ RunTime:0.000473s ]
INFO: [ app_begin ] --START--
INFO: Run Behavior\ReadHtmlCacheBehavior [ RunTime:0.000516s ]
INFO: [ app_begin ] --END-- [ RunTime:0.000629s ]
INFO: [ view_parse ] --START--
INFO: Run Behavior\ParseTemplateBehavior [ RunTime:0.011005s ]
INFO: [ view_parse ] --END-- [ RunTime:0.011135s ]
INFO: [ view_filter ] --START--
INFO: Run Behavior\WriteHtmlCacheBehavior [ RunTime:0.000197s ]
INFO: [ view_filter ] --END-- [ RunTime:0.000306s ]
INFO: [ app_end ] --START--
INFO: Run Behavior\ShowPageTraceBehavior [ RunTime:0.000562s ]
INFO: [ app_end ] --END-- [ RunTime:0.000681s ]

[ 2016-02-29T16:51:35+08:00 ] ::1 /
INFO: [ app_init ] --START--
INFO: Run Behavior\BuildLiteBehavior [ RunTime:0.000027s ]
INFO: [ app_init ] --END-- [ RunTime:0.000439s ]
INFO: [ app_begin ] --START--
INFO: Run Behavior\ReadHtmlCacheBehavior [ RunTime:0.000530s ]
INFO: [ app_begin ] --END-- [ RunTime:0.000653s ]
INFO: [ view_parse ] --START--
INFO: Run Behavior\ParseTemplateBehavior [ RunTime:0.016558s ]
INFO: [ view_parse ] --END-- [ RunTime:0.016689s ]
INFO: [ view_filter ] --START--
INFO: Run Behavior\WriteHtmlCacheBehavior [ RunTime:0.000192s ]
INFO: [ view_filter ] --END-- [ RunTime:0.000297s ]
INFO: [ app_end ] --START--
INFO: Run Behavior\ShowPageTraceBehavior [ RunTime:0.000583s ]
INFO: [ app_end ] --END-- [ RunTime:0.000693s ]

[ 2016-02-29T16:52:48+08:00 ] ::1 /
INFO: [ app_init ] --START--
INFO: Run Behavior\BuildLiteBehavior [ RunTime:0.000027s ]
INFO: [ app_init ] --END-- [ RunTime:0.000437s ]
INFO: [ app_begin ] --START--
INFO: Run Behavior\ReadHtmlCacheBehavior [ RunTime:0.000495s ]
INFO: [ app_begin ] --END-- [ RunTime:0.000605s ]
INFO: [ view_parse ] --START--
INFO: Run Behavior\ParseTemplateBehavior [ RunTime:0.012346s ]
INFO: [ view_parse ] --END-- [ RunTime:0.012496s ]
INFO: [ view_filter ] --START--
INFO: Run Behavior\WriteHtmlCacheBehavior [ RunTime:0.000214s ]
INFO: [ view_filter ] --END-- [ RunTime:0.000318s ]
INFO: [ app_end ] --START--
INFO: Run Behavior\ShowPageTraceBehavior [ RunTime:0.000605s ]
INFO: [ app_end ] --END-- [ RunTime:0.000717s ]

[ 2016-02-29T16:52:52+08:00 ] ::1 /
INFO: [ app_init ] --START--
INFO: Run Behavior\BuildLiteBehavior [ RunTime:0.000032s ]
INFO: [ app_init ] --END-- [ RunTime:0.000520s ]
INFO: [ app_begin ] --START--
INFO: Run Behavior\ReadHtmlCacheBehavior [ RunTime:0.000524s ]
INFO: [ app_begin ] --END-- [ RunTime:0.000638s ]
INFO: [ view_parse ] --START--
INFO: Run Behavior\ParseTemplateBehavior [ RunTime:0.009577s ]
INFO: [ view_parse ] --END-- [ RunTime:0.009696s ]
INFO: [ view_filter ] --START--
INFO: Run Behavior\WriteHtmlCacheBehavior [ RunTime:0.000167s ]
INFO: [ view_filter ] --END-- [ RunTime:0.000269s ]
INFO: [ app_end ] --START--
INFO: Run Behavior\ShowPageTraceBehavior [ RunTime:0.000515s ]
INFO: [ app_end ] --END-- [ RunTime:0.000622s ]

[ 2016-02-29T16:52:58+08:00 ] ::1 /
INFO: [ app_init ] --START--
INFO: Run Behavior\BuildLiteBehavior [ RunTime:0.000029s ]
INFO: [ app_init ] --END-- [ RunTime:0.000472s ]
INFO: [ app_begin ] --START--
INFO: Run Behavior\ReadHtmlCacheBehavior [ RunTime:0.000752s ]
INFO: [ app_begin ] --END-- [ RunTime:0.000906s ]
INFO: [ view_parse ] --START--
INFO: Run Behavior\ParseTemplateBehavior [ RunTime:0.009892s ]
INFO: [ view_parse ] --END-- [ RunTime:0.010019s ]
INFO: [ view_filter ] --START--
INFO: Run Behavior\WriteHtmlCacheBehavior [ RunTime:0.000173s ]
INFO: [ view_filter ] --END-- [ RunTime:0.000274s ]
INFO: [ app_end ] --START--
INFO: Run Behavior\ShowPageTraceBehavior [ RunTime:0.000555s ]
INFO: [ app_end ] --END-- [ RunTime:0.000661s ]

[ 2016-02-29T16:53:22+08:00 ] ::1 /
INFO: [ app_init ] --START--
INFO: Run Behavior\BuildLiteBehavior [ RunTime:0.000032s ]
INFO: [ app_init ] --END-- [ RunTime:0.000658s ]
INFO: [ app_begin ] --START--
INFO: Run Behavior\ReadHtmlCacheBehavior [ RunTime:0.000556s ]
INFO: [ app_begin ] --END-- [ RunTime:0.000684s ]
INFO: [ view_parse ] --START--
INFO: Run Behavior\ParseTemplateBehavior [ RunTime:0.017635s ]
INFO: [ view_parse ] --END-- [ RunTime:0.017811s ]
INFO: [ view_filter ] --START--
INFO: Run Behavior\WriteHtmlCacheBehavior [ RunTime:0.000187s ]
INFO: [ view_filter ] --END-- [ RunTime:0.000290s ]
INFO: [ app_end ] --START--
INFO: Run Behavior\ShowPageTraceBehavior [ RunTime:0.000990s ]
INFO: [ app_end ] --END-- [ RunTime:0.001214s ]

[ 2016-02-29T16:53:47+08:00 ] ::1 /
INFO: [ app_init ] --START--
INFO: Run Behavior\BuildLiteBehavior [ RunTime:0.000026s ]
INFO: [ app_init ] --END-- [ RunTime:0.000436s ]
INFO: [ app_begin ] --START--
INFO: Run Behavior\ReadHtmlCacheBehavior [ RunTime:0.000584s ]
INFO: [ app_begin ] --END-- [ RunTime:0.000710s ]
ERR: 模板不存在:./Application/Home/View/View/Index/index.html

[ 2016-02-29T16:53:52+08:00 ] ::1 /
INFO: [ app_init ] --START--
INFO: Run Behavior\BuildLiteBehavior [ RunTime:0.000035s ]
INFO: [ app_init ] --END-- [ RunTime:0.000436s ]
INFO: [ app_begin ] --START--
INFO: Run Behavior\ReadHtmlCacheBehavior [ RunTime:0.000496s ]
INFO: [ app_begin ] --END-- [ RunTime:0.000605s ]
INFO: [ view_parse ] --START--
INFO: Run Behavior\ParseTemplateBehavior [ RunTime:0.012521s ]
INFO: [ view_parse ] --END-- [ RunTime:0.012648s ]
INFO: [ view_filter ] --START--
INFO: Run Behavior\WriteHtmlCacheBehavior [ RunTime:0.000175s ]
INFO: [ view_filter ] --END-- [ RunTime:0.000277s ]
INFO: [ app_end ] --START--
INFO: Run Behavior\ShowPageTraceBehavior [ RunTime:0.000556s ]
INFO: [ app_end ] --END-- [ RunTime:0.000663s ]

[ 2016-02-29T16:56:00+08:00 ] ::1 /
INFO: [ app_init ] --START--
INFO: Run Behavior\BuildLiteBehavior [ RunTime:0.000038s ]
INFO: [ app_init ] --END-- [ RunTime:0.000922s ]
INFO: [ app_begin ] --START--
INFO: Run Behavior\ReadHtmlCacheBehavior [ RunTime:0.001020s ]
INFO: [ app_begin ] --END-- [ RunTime:0.001238s ]
INFO: [ view_parse ] --START--
NOTIC: [8] Use of undefined constant THEME_PATH - assumed 'THEME_PATH' /Users/xwzhu/webProject/thinkphp/ThinkPHP/Library/Think/Template/Driver/Smarty.class.php 第 25 行.
NOTIC: [8] Use of undefined constant THEME_PATH - assumed 'THEME_PATH' /Users/xwzhu/webProject/thinkphp/ThinkPHP/Library/Think/Template/Driver/Smarty.class.php 第 29 行.
NOTIC: [2] filemtime(): stat failed for THEME_PATH/ndex/index.html /Users/xwzhu/webProject/thinkphp/ThinkPHP/Library/Vendor/Smarty/sysplugins/smarty_resource.php 第 315 行.
NOTIC: [2] filemtime(): stat failed for ndex/index.html /Users/xwzhu/webProject/thinkphp/ThinkPHP/Library/Vendor/Smarty/sysplugins/smarty_resource.php 第 315 行.
ERR: Unable to load template file 'ndex/index.html'

[ 2016-02-29T16:56:08+08:00 ] ::1 /
INFO: [ app_init ] --START--
INFO: Run Behavior\BuildLiteBehavior [ RunTime:0.000030s ]
INFO: [ app_init ] --END-- [ RunTime:0.000510s ]
INFO: [ app_begin ] --START--
INFO: Run Behavior\ReadHtmlCacheBehavior [ RunTime:0.001212s ]
INFO: [ app_begin ] --END-- [ RunTime:0.001526s ]
INFO: [ view_parse ] --START--
NOTIC: [8] Use of undefined constant THEME_PATH - assumed 'THEME_PATH' /Users/xwzhu/webProject/thinkphp/ThinkPHP/Library/Think/Template/Driver/Smarty.class.php 第 25 行.
NOTIC: [8] Use of undefined constant THEME_PATH - assumed 'THEME_PATH' /Users/xwzhu/webProject/thinkphp/ThinkPHP/Library/Think/Template/Driver/Smarty.class.php 第 29 行.
NOTIC: [2] filemtime(): stat failed for THEME_PATH/ndex/Index.html /Users/xwzhu/webProject/thinkphp/ThinkPHP/Library/Vendor/Smarty/sysplugins/smarty_resource.php 第 315 行.
NOTIC: [2] filemtime(): stat failed for ndex/Index.html /Users/xwzhu/webProject/thinkphp/ThinkPHP/Library/Vendor/Smarty/sysplugins/smarty_resource.php 第 315 行.
ERR: Unable to load template file 'ndex/Index.html'

[ 2016-02-29T16:56:47+08:00 ] ::1 /
INFO: [ app_init ] --START--
INFO: Run Behavior\BuildLiteBehavior [ RunTime:0.000036s ]
INFO: [ app_init ] --END-- [ RunTime:0.000936s ]
INFO: [ app_begin ] --START--
INFO: Run Behavior\ReadHtmlCacheBehavior [ RunTime:0.001053s ]
INFO: [ app_begin ] --END-- [ RunTime:0.001226s ]
INFO: [ view_parse ] --START--
NOTIC: [8] Use of undefined constant THEME_PATH - assumed 'THEME_PATH' /Users/xwzhu/webProject/thinkphp/ThinkPHP/Library/Think/Template/Driver/Smarty.class.php 第 25 行.
NOTIC: [8] Use of undefined constant THEME_PATH - assumed 'THEME_PATH' /Users/xwzhu/webProject/thinkphp/ThinkPHP/Library/Think/Template/Driver/Smarty.class.php 第 29 行.
NOTIC: [2] filemtime(): stat failed for THEME_PATH/ndex.html /Users/xwzhu/webProject/thinkphp/ThinkPHP/Library/Vendor/Smarty/sysplugins/smarty_resource.php 第 315 行.
NOTIC: [2] filemtime(): stat failed for ndex.html /Users/xwzhu/webProject/thinkphp/ThinkPHP/Library/Vendor/Smarty/sysplugins/smarty_resource.php 第 315 行.
ERR: Unable to load template file 'ndex.html'

[ 2016-02-29T16:57:08+08:00 ] ::1 /
INFO: [ app_init ] --START--
INFO: Run Behavior\BuildLiteBehavior [ RunTime:0.000037s ]
INFO: [ app_init ] --END-- [ RunTime:0.000949s ]
INFO: [ app_begin ] --START--
INFO: Run Behavior\ReadHtmlCacheBehavior [ RunTime:0.001149s ]
INFO: [ app_begin ] --END-- [ RunTime:0.001316s ]
INFO: [ view_parse ] --START--
NOTIC: [8] Use of undefined constant THEME_PATH - assumed 'THEME_PATH' /Users/xwzhu/webProject/thinkphp/ThinkPHP/Library/Think/Template/Driver/Smarty.class.php 第 25 行.
NOTIC: [8] Use of undefined constant THEME_PATH - assumed 'THEME_PATH' /Users/xwzhu/webProject/thinkphp/ThinkPHP/Library/Think/Template/Driver/Smarty.class.php 第 29 行.
NOTIC: [2] filemtime(): stat failed for THEME_PATH/est.html /Users/xwzhu/webProject/thinkphp/ThinkPHP/Library/Vendor/Smarty/sysplugins/smarty_resource.php 第 315 行.
NOTIC: [2] filemtime(): stat failed for est.html /Users/xwzhu/webProject/thinkphp/ThinkPHP/Library/Vendor/Smarty/sysplugins/smarty_resource.php 第 315 行.
ERR: Unable to load template file 'est.html'

[ 2016-02-29T16:57:19+08:00 ] ::1 /
INFO: [ app_init ] --START--
INFO: Run Behavior\BuildLiteBehavior [ RunTime:0.000027s ]
INFO: [ app_init ] --END-- [ RunTime:0.000469s ]
INFO: [ app_begin ] --START--
INFO: Run Behavior\ReadHtmlCacheBehavior [ RunTime:0.000779s ]
INFO: [ app_begin ] --END-- [ RunTime:0.001071s ]
ERR: 模板不存在:./Application/Home/View/./Public/test.html

[ 2016-02-29T16:57:33+08:00 ] ::1 /
INFO: [ app_init ] --START--
INFO: Run Behavior\BuildLiteBehavior [ RunTime:0.000090s ]
INFO: [ app_init ] --END-- [ RunTime:0.001051s ]
INFO: [ app_begin ] --START--
INFO: Run Behavior\ReadHtmlCacheBehavior [ RunTime:0.000701s ]
INFO: [ app_begin ] --END-- [ RunTime:0.000856s ]
ERR: 模板不存在:./Application/Home/View//Public/test.html

[ 2016-02-29T16:57:37+08:00 ] ::1 /
INFO: [ app_init ] --START--
INFO: Run Behavior\BuildLiteBehavior [ RunTime:0.000030s ]
INFO: [ app_init ] --END-- [ RunTime:0.000499s ]
INFO: [ app_begin ] --START--
INFO: Run Behavior\ReadHtmlCacheBehavior [ RunTime:0.000505s ]
INFO: [ app_begin ] --END-- [ RunTime:0.000617s ]
ERR: 模板不存在:./Application/Home/View/../Public/test.html

[ 2016-02-29T16:57:47+08:00 ] ::1 /
INFO: [ app_init ] --START--
INFO: Run Behavior\BuildLiteBehavior [ RunTime:0.000031s ]
INFO: [ app_init ] --END-- [ RunTime:0.000538s ]
INFO: [ app_begin ] --START--
INFO: Run Behavior\ReadHtmlCacheBehavior [ RunTime:0.000518s ]
INFO: [ app_begin ] --END-- [ RunTime:0.000631s ]
ERR: 模板不存在:./Application/Home/View/./Public/test.html

[ 2016-02-29T16:57:57+08:00 ] ::1 /
INFO: [ app_init ] --START--
INFO: Run Behavior\BuildLiteBehavior [ RunTime:0.000049s ]
INFO: [ app_init ] --END-- [ RunTime:0.000955s ]
INFO: [ app_begin ] --START--
INFO: Run Behavior\ReadHtmlCacheBehavior [ RunTime:0.000848s ]
INFO: [ app_begin ] --END-- [ RunTime:0.001054s ]
INFO: [ view_parse ] --START--
NOTIC: [8] Use of undefined constant THEME_PATH - assumed 'THEME_PATH' /Users/xwzhu/webProject/thinkphp/ThinkPHP/Library/Think/Template/Driver/Smarty.class.php 第 25 行.
NOTIC: [8] Use of undefined constant THEME_PATH - assumed 'THEME_PATH' /Users/xwzhu/webProject/thinkphp/ThinkPHP/Library/Think/Template/Driver/Smarty.class.php 第 29 行.
NOTIC: [2] filemtime(): stat failed for THEME_PATH/est.html /Users/xwzhu/webProject/thinkphp/ThinkPHP/Library/Vendor/Smarty/sysplugins/smarty_resource.php 第 315 行.
NOTIC: [2] filemtime(): stat failed for est.html /Users/xwzhu/webProject/thinkphp/ThinkPHP/Library/Vendor/Smarty/sysplugins/smarty_resource.php 第 315 行.
ERR: Unable to load template file 'est.html'

[ 2016-02-29T16:59:16+08:00 ] ::1 /
INFO: [ app_init ] --START--
INFO: Run Behavior\BuildLiteBehavior [ RunTime:0.000038s ]
INFO: [ app_init ] --END-- [ RunTime:0.000921s ]
INFO: [ app_begin ] --START--
INFO: Run Behavior\ReadHtmlCacheBehavior [ RunTime:0.000968s ]
INFO: [ app_begin ] --END-- [ RunTime:0.001111s ]
INFO: [ view_parse ] --START--
NOTIC: [8] Use of undefined constant THEME_PATH - assumed 'THEME_PATH' /Users/xwzhu/webProject/thinkphp/ThinkPHP/Library/Think/Template/Driver/Smarty.class.php 第 25 行.
NOTIC: [8] Use of undefined constant THEME_PATH - assumed 'THEME_PATH' /Users/xwzhu/webProject/thinkphp/ThinkPHP/Library/Think/Template/Driver/Smarty.class.php 第 29 行.
NOTIC: [2] filemtime(): stat failed for THEME_PATH/est.html /Users/xwzhu/webProject/thinkphp/ThinkPHP/Library/Vendor/Smarty/sysplugins/smarty_resource.php 第 315 行.
NOTIC: [2] filemtime(): stat failed for est.html /Users/xwzhu/webProject/thinkphp/ThinkPHP/Library/Vendor/Smarty/sysplugins/smarty_resource.php 第 315 行.
ERR: Unable to load template file 'est.html'

[ 2016-02-29T17:00:33+08:00 ] ::1 /
INFO: [ app_init ] --START--
INFO: Run Behavior\BuildLiteBehavior [ RunTime:0.000036s ]
INFO: [ app_init ] --END-- [ RunTime:0.000980s ]
INFO: [ app_begin ] --START--
INFO: Run Behavior\ReadHtmlCacheBehavior [ RunTime:0.001177s ]
INFO: [ app_begin ] --END-- [ RunTime:0.001396s ]
INFO: [ view_parse ] --START--
NOTIC: [2] Illegal string offset 'key' /Users/xwzhu/webProject/thinkphp/Application/Runtime/Cache/d5c4efec70a0a967b5684ac66a58dba13edd61fd.file.index.html.php 第 41 行.
NOTIC: [2] Illegal string offset 'key' /Users/xwzhu/webProject/thinkphp/Application/Runtime/Cache/d5c4efec70a0a967b5684ac66a58dba13edd61fd.file.index.html.php 第 41 行.
NOTIC: [2] Illegal string offset 'key' /Users/xwzhu/webProject/thinkphp/Application/Runtime/Cache/d5c4efec70a0a967b5684ac66a58dba13edd61fd.file.index.html.php 第 41 行.
NOTIC: [2] Illegal string offset 'key' /Users/xwzhu/webProject/thinkphp/Application/Runtime/Cache/d5c4efec70a0a967b5684ac66a58dba13edd61fd.file.index.html.php 第 41 行.
INFO: Run Behavior\ParseTemplateBehavior [ RunTime:0.072890s ]
INFO: [ view_parse ] --END-- [ RunTime:0.073025s ]
INFO: [ view_filter ] --START--
INFO: Run Behavior\WriteHtmlCacheBehavior [ RunTime:0.000635s ]
INFO: [ view_filter ] --END-- [ RunTime:0.000788s ]
INFO: [ app_end ] --START--
INFO: Run Behavior\ShowPageTraceBehavior [ RunTime:0.001111s ]
INFO: [ app_end ] --END-- [ RunTime:0.001247s ]

[ 2016-02-29T17:00:48+08:00 ] ::1 /
INFO: [ app_init ] --START--
INFO: Run Behavior\BuildLiteBehavior [ RunTime:0.000025s ]
INFO: [ app_init ] --END-- [ RunTime:0.000428s ]
INFO: [ app_begin ] --START--
INFO: Run Behavior\ReadHtmlCacheBehavior [ RunTime:0.000487s ]
INFO: [ app_begin ] --END-- [ RunTime:0.000596s ]
INFO: [ view_parse ] --START--
NOTIC: [2] Illegal string offset 'key' /Users/xwzhu/webProject/thinkphp/Application/Runtime/Cache/d5c4efec70a0a967b5684ac66a58dba13edd61fd.file.index.html.php 第 41 行.
NOTIC: [2] Illegal string offset 'key' /Users/xwzhu/webProject/thinkphp/Application/Runtime/Cache/d5c4efec70a0a967b5684ac66a58dba13edd61fd.file.index.html.php 第 41 行.
NOTIC: [2] Illegal string offset 'key' /Users/xwzhu/webProject/thinkphp/Application/Runtime/Cache/d5c4efec70a0a967b5684ac66a58dba13edd61fd.file.index.html.php 第 41 行.
NOTIC: [2] Illegal string offset 'key' /Users/xwzhu/webProject/thinkphp/Application/Runtime/Cache/d5c4efec70a0a967b5684ac66a58dba13edd61fd.file.index.html.php 第 41 行.
INFO: Run Behavior\ParseTemplateBehavior [ RunTime:0.011919s ]
INFO: [ view_parse ] --END-- [ RunTime:0.012031s ]
INFO: [ view_filter ] --START--
INFO: Run Behavior\WriteHtmlCacheBehavior [ RunTime:0.000179s ]
INFO: [ view_filter ] --END-- [ RunTime:0.000277s ]
INFO: [ app_end ] --START--
INFO: Run Behavior\ShowPageTraceBehavior [ RunTime:0.000541s ]
INFO: [ app_end ] --END-- [ RunTime:0.000650s ]

[ 2016-02-29T17:00:53+08:00 ] ::1 /
INFO: [ app_init ] --START--
INFO: Run Behavior\BuildLiteBehavior [ RunTime:0.000031s ]
INFO: [ app_init ] --END-- [ RunTime:0.000614s ]
INFO: [ app_begin ] --START--
INFO: Run Behavior\ReadHtmlCacheBehavior [ RunTime:0.000858s ]
INFO: [ app_begin ] --END-- [ RunTime:0.001013s ]
INFO: [ view_parse ] --START--
NOTIC: [2] Illegal string offset 'key' /Users/xwzhu/webProject/thinkphp/Application/Runtime/Cache/d5c4efec70a0a967b5684ac66a58dba13edd61fd.file.index.html.php 第 41 行.
NOTIC: [2] Illegal string offset 'key' /Users/xwzhu/webProject/thinkphp/Application/Runtime/Cache/d5c4efec70a0a967b5684ac66a58dba13edd61fd.file.index.html.php 第 41 行.
NOTIC: [2] Illegal string offset 'key' /Users/xwzhu/webProject/thinkphp/Application/Runtime/Cache/d5c4efec70a0a967b5684ac66a58dba13edd61fd.file.index.html.php 第 41 行.
NOTIC: [2] Illegal string offset 'key' /Users/xwzhu/webProject/thinkphp/Application/Runtime/Cache/d5c4efec70a0a967b5684ac66a58dba13edd61fd.file.index.html.php 第 41 行.
INFO: Run Behavior\ParseTemplateBehavior [ RunTime:0.010119s ]
INFO: [ view_parse ] --END-- [ RunTime:0.010237s ]
INFO: [ view_filter ] --START--
INFO: Run Behavior\WriteHtmlCacheBehavior [ RunTime:0.000171s ]
INFO: [ view_filter ] --END-- [ RunTime:0.000271s ]
INFO: [ app_end ] --START--
INFO: Run Behavior\ShowPageTraceBehavior [ RunTime:0.000508s ]
INFO: [ app_end ] --END-- [ RunTime:0.000610s ]

[ 2016-02-29T17:02:26+08:00 ] ::1 /
INFO: [ app_init ] --START--
INFO: Run Behavior\BuildLiteBehavior [ RunTime:0.000034s ]
INFO: [ app_init ] --END-- [ RunTime:0.000880s ]
INFO: [ app_begin ] --START--
INFO: Run Behavior\ReadHtmlCacheBehavior [ RunTime:0.001061s ]
INFO: [ app_begin ] --END-- [ RunTime:0.001230s ]
INFO: [ view_parse ] --START--
NOTIC: [2] filemtime(): stat failed for ./Application/Runtime/Cache/d5c4efec70a0a967b5684ac66a58dba13edd61fd.file.index.html.php /Users/xwzhu/webProject/thinkphp/ThinkPHP/Library/Vendor/Smarty/sysplugins/smarty_resource.php 第 683 行.
NOTIC: [2] unlink(./Application/Runtime/Cache/d5c4efec70a0a967b5684ac66a58dba13edd61fd.file.index.html.php): No such file or directory /Users/xwzhu/webProject/thinkphp/ThinkPHP/Library/Vendor/Smarty/sysplugins/smarty_internal_write_file.php 第 49 行.
NOTIC: [2] Illegal string offset 'key' /Users/xwzhu/webProject/thinkphp/Application/Runtime/Cache/d5c4efec70a0a967b5684ac66a58dba13edd61fd.file.index.html.php 第 41 行.
NOTIC: [2] Illegal string offset 'key' /Users/xwzhu/webProject/thinkphp/Application/Runtime/Cache/d5c4efec70a0a967b5684ac66a58dba13edd61fd.file.index.html.php 第 41 行.
NOTIC: [2] Illegal string offset 'key' /Users/xwzhu/webProject/thinkphp/Application/Runtime/Cache/d5c4efec70a0a967b5684ac66a58dba13edd61fd.file.index.html.php 第 41 行.
NOTIC: [2] Illegal string offset 'key' /Users/xwzhu/webProject/thinkphp/Application/Runtime/Cache/d5c4efec70a0a967b5684ac66a58dba13edd61fd.file.index.html.php 第 41 行.
INFO: Run Behavior\ParseTemplateBehavior [ RunTime:0.067954s ]
INFO: [ view_parse ] --END-- [ RunTime:0.068143s ]
INFO: [ view_filter ] --START--
INFO: Run Behavior\WriteHtmlCacheBehavior [ RunTime:0.000604s ]
INFO: [ view_filter ] --END-- [ RunTime:0.000792s ]
INFO: [ app_end ] --START--
INFO: Run Behavior\ShowPageTraceBehavior [ RunTime:0.001108s ]
INFO: [ app_end ] --END-- [ RunTime:0.001312s ]

[ 2016-02-29T17:02:46+08:00 ] ::1 /
INFO: [ app_init ] --START--
INFO: Run Behavior\BuildLiteBehavior [ RunTime:0.000026s ]
INFO: [ app_init ] --END-- [ RunTime:0.000427s ]
INFO: [ app_begin ] --START--
INFO: Run Behavior\ReadHtmlCacheBehavior [ RunTime:0.000488s ]
INFO: [ app_begin ] --END-- [ RunTime:0.000597s ]
INFO: [ view_parse ] --START--
NOTIC: [2] filemtime(): stat failed for ./Application/Runtime/Cache/d5c4efec70a0a967b5684ac66a58dba13edd61fd.file.index.html.php /Users/xwzhu/webProject/thinkphp/ThinkPHP/Library/Vendor/Smarty/sysplugins/smarty_resource.php 第 683 行.
NOTIC: [2] unlink(./Application/Runtime/Cache/d5c4efec70a0a967b5684ac66a58dba13edd61fd.file.index.html.php): No such file or directory /Users/xwzhu/webProject/thinkphp/ThinkPHP/Library/Vendor/Smarty/sysplugins/smarty_internal_write_file.php 第 49 行.
NOTIC: [2] Illegal string offset 'key' /Users/xwzhu/webProject/thinkphp/Application/Runtime/Cache/d5c4efec70a0a967b5684ac66a58dba13edd61fd.file.index.html.php 第 40 行.
NOTIC: [2] Illegal string offset 'key' /Users/xwzhu/webProject/thinkphp/Application/Runtime/Cache/d5c4efec70a0a967b5684ac66a58dba13edd61fd.file.index.html.php 第 40 行.
NOTIC: [2] Illegal string offset 'key' /Users/xwzhu/webProject/thinkphp/Application/Runtime/Cache/d5c4efec70a0a967b5684ac66a58dba13edd61fd.file.index.html.php 第 40 行.
NOTIC: [2] Illegal string offset 'key' /Users/xwzhu/webProject/thinkphp/Application/Runtime/Cache/d5c4efec70a0a967b5684ac66a58dba13edd61fd.file.index.html.php 第 40 行.
INFO: Run Behavior\ParseTemplateBehavior [ RunTime:0.062972s ]
INFO: [ view_parse ] --END-- [ RunTime:0.063132s ]
INFO: [ view_filter ] --START--
INFO: Run Behavior\WriteHtmlCacheBehavior [ RunTime:0.000344s ]
INFO: [ view_filter ] --END-- [ RunTime:0.000525s ]
INFO: [ app_end ] --START--
INFO: Run Behavior\ShowPageTraceBehavior [ RunTime:0.000972s ]
INFO: [ app_end ] --END-- [ RunTime:0.001134s ]

[ 2016-02-29T17:03:05+08:00 ] ::1 /
INFO: [ app_init ] --START--
INFO: Run Behavior\BuildLiteBehavior [ RunTime:0.000028s ]
INFO: [ app_init ] --END-- [ RunTime:0.000495s ]
INFO: [ app_begin ] --START--
INFO: Run Behavior\ReadHtmlCacheBehavior [ RunTime:0.000497s ]
INFO: [ app_begin ] --END-- [ RunTime:0.000606s ]
INFO: [ view_parse ] --START--
NOTIC: [2] Illegal string offset 'item' /Users/xwzhu/webProject/thinkphp/Application/Runtime/Cache/d5c4efec70a0a967b5684ac66a58dba13edd61fd.file.index.html.php 第 40 行.
NOTIC: [2] Illegal string offset 'item' /Users/xwzhu/webProject/thinkphp/Application/Runtime/Cache/d5c4efec70a0a967b5684ac66a58dba13edd61fd.file.index.html.php 第 40 行.
NOTIC: [2] Illegal string offset 'item' /Users/xwzhu/webProject/thinkphp/Application/Runtime/Cache/d5c4efec70a0a967b5684ac66a58dba13edd61fd.file.index.html.php 第 40 行.
NOTIC: [2] Illegal string offset 'item' /Users/xwzhu/webProject/thinkphp/Application/Runtime/Cache/d5c4efec70a0a967b5684ac66a58dba13edd61fd.file.index.html.php 第 40 行.
INFO: Run Behavior\ParseTemplateBehavior [ RunTime:0.061204s ]
INFO: [ view_parse ] --END-- [ RunTime:0.061329s ]
INFO: [ view_filter ] --START--
INFO: Run Behavior\WriteHtmlCacheBehavior [ RunTime:0.000226s ]
INFO: [ view_filter ] --END-- [ RunTime:0.000386s ]
INFO: [ app_end ] --START--
INFO: Run Behavior\ShowPageTraceBehavior [ RunTime:0.001290s ]
INFO: [ app_end ] --END-- [ RunTime:0.001656s ]

[ 2016-02-29T17:03:16+08:00 ] ::1 /
INFO: [ app_init ] --START--
INFO: Run Behavior\BuildLiteBehavior [ RunTime:0.000026s ]
INFO: [ app_init ] --END-- [ RunTime:0.000434s ]
INFO: [ app_begin ] --START--
INFO: Run Behavior\ReadHtmlCacheBehavior [ RunTime:0.000495s ]
INFO: [ app_begin ] --END-- [ RunTime:0.000606s ]
INFO: [ view_parse ] --START--
NOTIC: [2] Illegal string offset 'item' /Users/xwzhu/webProject/thinkphp/Application/Runtime/Cache/d5c4efec70a0a967b5684ac66a58dba13edd61fd.file.index.html.php 第 40 行.
NOTIC: [2] Illegal string offset 'item' /Users/xwzhu/webProject/thinkphp/Application/Runtime/Cache/d5c4efec70a0a967b5684ac66a58dba13edd61fd.file.index.html.php 第 40 行.
NOTIC: [2] Illegal string offset 'item' /Users/xwzhu/webProject/thinkphp/Application/Runtime/Cache/d5c4efec70a0a967b5684ac66a58dba13edd61fd.file.index.html.php 第 40 行.
NOTIC: [2] Illegal string offset 'item' /Users/xwzhu/webProject/thinkphp/Application/Runtime/Cache/d5c4efec70a0a967b5684ac66a58dba13edd61fd.file.index.html.php 第 40 行.
INFO: Run Behavior\ParseTemplateBehavior [ RunTime:0.059380s ]
INFO: [ view_parse ] --END-- [ RunTime:0.059496s ]
INFO: [ view_filter ] --START--
INFO: Run Behavior\WriteHtmlCacheBehavior [ RunTime:0.000193s ]
INFO: [ view_filter ] --END-- [ RunTime:0.000296s ]
INFO: [ app_end ] --START--
INFO: Run Behavior\ShowPageTraceBehavior [ RunTime:0.000652s ]
INFO: [ app_end ] --END-- [ RunTime:0.000782s ]

[ 2016-02-29T17:04:00+08:00 ] ::1 /
INFO: [ app_init ] --START--
INFO: Run Behavior\BuildLiteBehavior [ RunTime:0.000030s ]
INFO: [ app_init ] --END-- [ RunTime:0.000514s ]
INFO: [ app_begin ] --START--
INFO: Run Behavior\ReadHtmlCacheBehavior [ RunTime:0.000559s ]
INFO: [ app_begin ] --END-- [ RunTime:0.000681s ]
INFO: [ view_parse ] --START--
INFO: Run Behavior\ParseTemplateBehavior [ RunTime:0.055891s ]
INFO: [ view_parse ] --END-- [ RunTime:0.056275s ]
INFO: [ view_filter ] --START--
INFO: Run Behavior\WriteHtmlCacheBehavior [ RunTime:0.000611s ]
INFO: [ view_filter ] --END-- [ RunTime:0.001041s ]
INFO: [ app_end ] --START--
INFO: Run Behavior\ShowPageTraceBehavior [ RunTime:0.000724s ]
INFO: [ app_end ] --END-- [ RunTime:0.000870s ]

[ 2016-02-29T17:04:20+08:00 ] ::1 /
INFO: [ app_init ] --START--
INFO: Run Behavior\BuildLiteBehavior [ RunTime:0.000028s ]
INFO: [ app_init ] --END-- [ RunTime:0.000549s ]
INFO: [ app_begin ] --START--
INFO: Run Behavior\ReadHtmlCacheBehavior [ RunTime:0.000605s ]
INFO: [ app_begin ] --END-- [ RunTime:0.000731s ]
INFO: [ view_parse ] --START--
ERR: Syntax Error in template "./Application/Home/View/Index/index.html"  on line 8 "{$key------$item}"  - Unexpected "--", expected one of: "}" , " "

[ 2016-02-29T17:04:45+08:00 ] ::1 /
INFO: [ app_init ] --START--
INFO: Run Behavior\BuildLiteBehavior [ RunTime:0.000026s ]
INFO: [ app_init ] --END-- [ RunTime:0.000434s ]
INFO: [ app_begin ] --START--
INFO: Run Behavior\ReadHtmlCacheBehavior [ RunTime:0.000502s ]
INFO: [ app_begin ] --END-- [ RunTime:0.000616s ]
INFO: [ view_parse ] --START--
INFO: Run Behavior\ParseTemplateBehavior [ RunTime:0.063736s ]
INFO: [ view_parse ] --END-- [ RunTime:0.063884s ]
INFO: [ view_filter ] --START--
INFO: Run Behavior\WriteHtmlCacheBehavior [ RunTime:0.000225s ]
INFO: [ view_filter ] --END-- [ RunTime:0.000349s ]
INFO: [ app_end ] --START--
INFO: Run Behavior\ShowPageTraceBehavior [ RunTime:0.000615s ]
INFO: [ app_end ] --END-- [ RunTime:0.000734s ]

[ 2016-02-29T17:04:58+08:00 ] ::1 /
INFO: [ app_init ] --START--
INFO: Run Behavior\BuildLiteBehavior [ RunTime:0.000025s ]
INFO: [ app_init ] --END-- [ RunTime:0.000427s ]
INFO: [ app_begin ] --START--
INFO: Run Behavior\ReadHtmlCacheBehavior [ RunTime:0.000903s ]
INFO: [ app_begin ] --END-- [ RunTime:0.001115s ]
INFO: [ view_parse ] --START--
INFO: Run Behavior\ParseTemplateBehavior [ RunTime:0.069995s ]
INFO: [ view_parse ] --END-- [ RunTime:0.070421s ]
INFO: [ view_filter ] --START--
INFO: Run Behavior\WriteHtmlCacheBehavior [ RunTime:0.001105s ]
INFO: [ view_filter ] --END-- [ RunTime:0.001569s ]
INFO: [ app_end ] --START--
INFO: Run Behavior\ShowPageTraceBehavior [ RunTime:0.000728s ]
INFO: [ app_end ] --END-- [ RunTime:0.000864s ]

